<?xml version="1.0" encoding="UTF-8"?>
<testng-results ignored="0" total="1" passed="1" failed="0" skipped="0">
  <reporter-output>
  </reporter-output>
  <suite started-at="2022-05-13T11:17:12 IST" name="Default suite" finished-at="2022-05-13T11:17:23 IST" duration-ms="10520">
    <groups>
    </groups>
    <test started-at="2022-05-13T11:17:12 IST" name="Default test" finished-at="2022-05-13T11:17:23 IST" duration-ms="10520">
      <class name="maven.test.test">
        <test-method is-config="true" signature="launchBrowser()[pri:0, instance:maven.test.test@611889f4]" started-at="2022-05-13T11:17:12 IST" name="launchBrowser" finished-at="2022-05-13T11:17:18 IST" duration-ms="6214" status="PASS">
          <reporter-output>
          </reporter-output>
        </test-method> <!-- launchBrowser -->
        <test-method signature="verifyHomepageTitle()[pri:0, instance:maven.test.test@611889f4]" started-at="2022-05-13T11:17:18 IST" name="verifyHomepageTitle" finished-at="2022-05-13T11:17:18 IST" duration-ms="56" status="PASS">
          <reporter-output>
          </reporter-output>
        </test-method> <!-- verifyHomepageTitle -->
        <test-method is-config="true" signature="terminateBrowser()[pri:0, instance:maven.test.test@611889f4]" started-at="2022-05-13T11:17:18 IST" name="terminateBrowser" finished-at="2022-05-13T11:17:23 IST" duration-ms="4161" status="PASS">
          <reporter-output>
          </reporter-output>
        </test-method> <!-- terminateBrowser -->
      </class> <!-- maven.test.test -->
    </test> <!-- Default test -->
  </suite> <!-- Default suite -->
</testng-results>
